<?xml version="1.0" encoding="utf-8"?><TestRun id="4cec0657-45b3-43ad-a6b5-409e1910b591" name="Pavel_Shyker@EPBYMINW6090 2019-03-29 14:46:17" runUser="MINSK\Pavel_Shyker" xmlns="http://microsoft.com/schemas/VisualStudio/TeamTest/2010"><Times creation="2019-03-29T14:46:17.5255810+03:00" queuing="2019-03-29T14:46:17.5255810+03:00" start="2019-03-29T14:45:55.6992633+03:00" finish="2019-03-29T14:47:37.2619330+03:00" /><TestSettings name="default" id="21bf8550-e9b3-4acf-8cb6-16e7b195ed39"><Deployment runDeploymentRoot="Pavel_Shyker_EPBYMINW6090_2019-03-29_14_46_17" /></TestSettings><Results><UnitTestResult executionId="c5ba7659-00b4-4250-9d6b-4951465d2efa" testId="8d3304f5-09de-ac20-32c3-2d1f8d71af83" testName="CreateDraftEmailTest" computerName="EPBYMINW6090" duration="00:00:27.0090444" startTime="2019-03-29T14:46:17.5150778+03:00" endTime="2019-03-29T14:46:44.5249408+03:00" testType="13cdc9d9-ddb5-4fa4-a97d-d965ccfc6d4b" outcome="Passed" testListId="8c84fa94-04c1-424b-9868-57a2d4851a1d" relativeResultsDirectory="c5ba7659-00b4-4250-9d6b-4951465d2efa" /><UnitTestResult executionId="7c430ada-33d2-4195-a843-136ee52a4922" testId="89590aa2-9945-79e2-d5f9-fddf64220c55" testName="LoginTest" computerName="EPBYMINW6090" duration="00:00:21.4435693" startTime="2019-03-29T14:45:55.9975949+03:00" endTime="2019-03-29T14:46:17.4960562+03:00" testType="13cdc9d9-ddb5-4fa4-a97d-d965ccfc6d4b" outcome="Passed" testListId="8c84fa94-04c1-424b-9868-57a2d4851a1d" relativeResultsDirectory="7c430ada-33d2-4195-a843-136ee52a4922"><Output><StdOut>Debug Trace:
log4net:ERROR XmlHierarchyConfigurator: Cannot find Property [layout] to set object on [log4net.Repository.Hierarchy.Hierarchy]&#xD;
log4net:ERROR XmlHierarchyConfigurator: Cannot find Property [layout] to set object on [log4net.Repository.Hierarchy.Hierarchy]</StdOut><StdErr>log4net:ERROR XmlHierarchyConfigurator: Cannot find Property [layout] to set object on [log4net.Repository.Hierarchy.Hierarchy]&#xD;
log4net:ERROR XmlHierarchyConfigurator: Cannot find Property [layout] to set object on [log4net.Repository.Hierarchy.Hierarchy]</StdErr></Output></UnitTestResult><UnitTestResult executionId="c391ee04-6c11-4e64-a542-1f1f9ac1814d" testId="f566957e-3a11-a8b2-4add-ce754a3f20c3" testName="LogoutTest" computerName="EPBYMINW6090" duration="00:00:20.8537037" startTime="2019-03-29T14:47:16.2302590+03:00" endTime="2019-03-29T14:47:37.0843034+03:00" testType="13cdc9d9-ddb5-4fa4-a97d-d965ccfc6d4b" outcome="Passed" testListId="8c84fa94-04c1-424b-9868-57a2d4851a1d" relativeResultsDirectory="c391ee04-6c11-4e64-a542-1f1f9ac1814d" /><UnitTestResult executionId="0f36762d-e6f8-453c-9fd8-0be65f012829" testId="c2a51294-67d6-0e60-dc01-4e6fe6bcb0c1" testName="SendFolderAfterSendingTest" computerName="EPBYMINW6090" duration="00:00:31.7048149" startTime="2019-03-29T14:46:44.5249408+03:00" endTime="2019-03-29T14:47:16.2302590+03:00" testType="13cdc9d9-ddb5-4fa4-a97d-d965ccfc6d4b" outcome="Passed" testListId="8c84fa94-04c1-424b-9868-57a2d4851a1d" relativeResultsDirectory="0f36762d-e6f8-453c-9fd8-0be65f012829" /></Results><TestDefinitions><UnitTest name="LogoutTest" storage="c:\users\pavel_shyker\cdptasks\cdptaskmodule13(1)\unittestproject2\bin\debug\unittestproject2.dll" id="f566957e-3a11-a8b2-4add-ce754a3f20c3"><TestCategory><TestCategoryItem TestCategory="Logout" /></TestCategory><Execution id="c391ee04-6c11-4e64-a542-1f1f9ac1814d" /><TestMethod codeBase="C:\Users\Pavel_Shyker\CDPTasks\CDPTaskModule13(1)\UnitTestProject2\bin\Debug\UnitTestProject2.dll" adapterTypeName="executor://mstestadapter/v2" className="TestWebProject.MailRuMSTests" name="LogoutTest" /></UnitTest><UnitTest name="LoginTest" storage="c:\users\pavel_shyker\cdptasks\cdptaskmodule13(1)\unittestproject2\bin\debug\unittestproject2.dll" id="89590aa2-9945-79e2-d5f9-fddf64220c55"><TestCategory><TestCategoryItem TestCategory="Login" /></TestCategory><Execution id="7c430ada-33d2-4195-a843-136ee52a4922" /><TestMethod codeBase="C:\Users\Pavel_Shyker\CDPTasks\CDPTaskModule13(1)\UnitTestProject2\bin\Debug\UnitTestProject2.dll" adapterTypeName="executor://mstestadapter/v2" className="TestWebProject.MailRuMSTests" name="LoginTest" /></UnitTest><UnitTest name="SendFolderAfterSendingTest" storage="c:\users\pavel_shyker\cdptasks\cdptaskmodule13(1)\unittestproject2\bin\debug\unittestproject2.dll" id="c2a51294-67d6-0e60-dc01-4e6fe6bcb0c1"><TestCategory><TestCategoryItem TestCategory="EmailSending" /></TestCategory><Execution id="0f36762d-e6f8-453c-9fd8-0be65f012829" /><TestMethod codeBase="C:\Users\Pavel_Shyker\CDPTasks\CDPTaskModule13(1)\UnitTestProject2\bin\Debug\UnitTestProject2.dll" adapterTypeName="executor://mstestadapter/v2" className="TestWebProject.MailRuMSTests" name="SendFolderAfterSendingTest" /></UnitTest><UnitTest name="CreateDraftEmailTest" storage="c:\users\pavel_shyker\cdptasks\cdptaskmodule13(1)\unittestproject2\bin\debug\unittestproject2.dll" id="8d3304f5-09de-ac20-32c3-2d1f8d71af83"><TestCategory><TestCategoryItem TestCategory="EmailCreating" /></TestCategory><Execution id="c5ba7659-00b4-4250-9d6b-4951465d2efa" /><TestMethod codeBase="C:\Users\Pavel_Shyker\CDPTasks\CDPTaskModule13(1)\UnitTestProject2\bin\Debug\UnitTestProject2.dll" adapterTypeName="executor://mstestadapter/v2" className="TestWebProject.MailRuMSTests" name="CreateDraftEmailTest" /></UnitTest></TestDefinitions><TestEntries><TestEntry testId="8d3304f5-09de-ac20-32c3-2d1f8d71af83" executionId="c5ba7659-00b4-4250-9d6b-4951465d2efa" testListId="8c84fa94-04c1-424b-9868-57a2d4851a1d" /><TestEntry testId="89590aa2-9945-79e2-d5f9-fddf64220c55" executionId="7c430ada-33d2-4195-a843-136ee52a4922" testListId="8c84fa94-04c1-424b-9868-57a2d4851a1d" /><TestEntry testId="f566957e-3a11-a8b2-4add-ce754a3f20c3" executionId="c391ee04-6c11-4e64-a542-1f1f9ac1814d" testListId="8c84fa94-04c1-424b-9868-57a2d4851a1d" /><TestEntry testId="c2a51294-67d6-0e60-dc01-4e6fe6bcb0c1" executionId="0f36762d-e6f8-453c-9fd8-0be65f012829" testListId="8c84fa94-04c1-424b-9868-57a2d4851a1d" /></TestEntries><TestLists><TestList name="Results Not in a List" id="8c84fa94-04c1-424b-9868-57a2d4851a1d" /><TestList name="All Loaded Results" id="19431567-8539-422a-85d7-44ee4e166bda" /></TestLists><ResultSummary outcome="Completed"><Counters total="4" executed="4" passed="4" failed="0" error="0" timeout="0" aborted="0" inconclusive="0" passedButRunAborted="0" notRunnable="0" notExecuted="0" disconnected="0" warning="0" completed="0" inProgress="0" pending="0" /></ResultSummary></TestRun>